<?xml version="1.0" encoding="UTF-8"?>
<!-- Generated by org.testng.reporters.JUnitXMLReporter -->
<testsuite ignored="0" hostname="DESKTOP-9I7RF0E" failures="0" tests="27" name="CyberMart Seller Test Cases" time="258.44" errors="0" timestamp="25 Oct 2023 09:30:39 GMT">
  <testcase classname="com.cybermart.qa.testcases.LoginPageTest" name="validateTitle" time="0.017"/>
  <testcase classname="com.cybermart.qa.testcases.HomePageTest" name="verifyHomePageTitleTest" time="2.051"/>
  <testcase classname="com.cybermart.qa.testcases.LoginPageTest" name="validateRegisterButton" time="0.079"/>
  <testcase classname="com.cybermart.qa.testcases.HomePageTest" name="verifyDashboardSeller" time="2.086"/>
  <testcase classname="com.cybermart.qa.testcases.LoginPageTest" name="validateFbLogin" time="0.053"/>
  <testcase classname="com.cybermart.qa.testcases.HomePageTest" name="verifySellerLogo" time="2.062"/>
  <testcase classname="com.cybermart.qa.testcases.LoginPageTest" name="validateLoginText" time="0.046"/>
  <testcase classname="com.cybermart.qa.testcases.HomePageTest" name="verifyOrdersDataDashboard" time="2.083"/>
  <testcase classname="com.cybermart.qa.testcases.LoginPageTest" name="validateWelcomeImage" time="0.069"/>
  <testcase classname="com.cybermart.qa.testcases.HomePageTest" name="verifyOtherSellerLink" time="2.088"/>
  <testcase classname="com.cybermart.qa.testcases.LoginPageTest" name="validateNewMemberText" time="0.046"/>
  <testcase classname="com.cybermart.qa.testcases.HomePageTest" name="verifyProfilePicture" time="2.079"/>
  <testcase classname="com.cybermart.qa.testcases.LoginPageTest" name="validateGoogleSignIn" time="0.054"/>
  <testcase classname="com.cybermart.qa.testcases.HomePageTest" name="verifyLogoutLink" time="2.192"/>
  <testcase classname="com.cybermart.qa.testcases.LoginPageTest" name="login" time="4.609"/>
  <testcase classname="com.cybermart.qa.testcases.HomePageTest" name="verifyProductsLink" time="3.572"/>
  <testcase classname="com.cybermart.qa.testcases.HomePageTest" name="verifyOrdersLink" time="2.148"/>
  <testcase classname="com.cybermart.qa.testcases.HomePageTest" name="verifyPromotionsLink" time="2.132"/>
  <testcase classname="com.cybermart.qa.testcases.HomePageTest" name="verifyAccountSettings" time="2.108"/>
  <testcase classname="com.cybermart.qa.testcases.HomePageTest" name="verifySellerStore" time="2.089"/>
  <testcase classname="com.cybermart.qa.testcases.HomePageTest" name="verifySubSeller" time="2.097"/>
  <testcase classname="com.cybermart.qa.testcases.HomePageTest" name="verifyCreateProduct" time="2.179"/>
  <testcase classname="com.cybermart.qa.testcases.HomePageTest" name="verifyInventoryPage" time="2.183"/>
  <testcase classname="com.cybermart.qa.testcases.HomePageTest" name="verifyBuyerQuestions" time="2.173"/>
  <testcase classname="com.cybermart.qa.testcases.HomePageTest" name="verifyManageOrders" time="2.164"/>
  <testcase classname="com.cybermart.qa.testcases.HomePageTest" name="verifyCouponsLinkSeller" time="2.154"/>
  <testcase classname="com.cybermart.qa.testcases.HomePageTest" name="verifyCampaignPage" time="2.162"/>
</testsuite> <!-- CyberMart Seller Test Cases -->
