<?xml version="1.0" encoding="UTF-8"?>
<!-- Generated by org.testng.reporters.JUnitXMLReporter -->
<testsuite ignored="0" hostname="DESKTOP-9I7RF0E" failures="0" tests="3" name="Default test" time="25.967" errors="0" timestamp="25 Oct 2023 12:55:46 GMT">
  <testcase classname="com.cybermart.qa.testcases.CreateProductTest" name="verifyCategoriesCreateProduct" time="0.613"/>
  <testcase classname="com.cybermart.qa.testcases.CreateProductTest" name="verifySubCategoriesMen" time="0.664"/>
  <testcase classname="com.cybermart.qa.testcases.CreateProductTest" name="verifyChildSubcategoriesTopWearMen" time="0.526"/>
</testsuite> <!-- Default test -->
