<?xml version="1.0" encoding="UTF-8"?>
<testng-results ignored="0" total="3" passed="3" failed="0" skipped="0">
  <reporter-output>
  </reporter-output>
  <suite started-at="2023-10-25T12:55:20Z" name="Default suite" finished-at="2023-10-25T12:55:46Z" duration-ms="25967">
    <groups>
    </groups>
    <test started-at="2023-10-25T12:55:20Z" name="Default test" finished-at="2023-10-25T12:55:46Z" duration-ms="25967">
      <class name="com.cybermart.qa.testcases.CreateProductTest">
        <test-method is-config="true" signature="setUp()[pri:0, instance:com.cybermart.qa.testcases.CreateProductTest@1caa0244]" started-at="2023-10-25T18:25:20Z" name="setUp" finished-at="2023-10-25T18:25:28Z" duration-ms="7943" status="PASS">
          <reporter-output>
          </reporter-output>
        </test-method> <!-- setUp -->
        <test-method signature="verifyCategoriesCreateProduct()[pri:1, instance:com.cybermart.qa.testcases.CreateProductTest@1caa0244]" started-at="2023-10-25T18:25:28Z" name="verifyCategoriesCreateProduct" finished-at="2023-10-25T18:25:29Z" duration-ms="613" status="PASS">
          <reporter-output>
          </reporter-output>
        </test-method> <!-- verifyCategoriesCreateProduct -->
        <test-method is-config="true" signature="tearDown()[pri:0, instance:com.cybermart.qa.testcases.CreateProductTest@1caa0244]" started-at="2023-10-25T18:25:29Z" name="tearDown" finished-at="2023-10-25T18:25:29Z" duration-ms="501" status="PASS">
          <reporter-output>
          </reporter-output>
        </test-method> <!-- tearDown -->
        <test-method is-config="true" signature="setUp()[pri:0, instance:com.cybermart.qa.testcases.CreateProductTest@1caa0244]" started-at="2023-10-25T18:25:29Z" name="setUp" finished-at="2023-10-25T18:25:37Z" duration-ms="7535" status="PASS">
          <reporter-output>
          </reporter-output>
        </test-method> <!-- setUp -->
        <test-method signature="verifySubCategoriesMen()[pri:2, instance:com.cybermart.qa.testcases.CreateProductTest@1caa0244]" started-at="2023-10-25T18:25:37Z" name="verifySubCategoriesMen" finished-at="2023-10-25T18:25:38Z" duration-ms="664" status="PASS">
          <reporter-output>
          </reporter-output>
        </test-method> <!-- verifySubCategoriesMen -->
        <test-method is-config="true" signature="tearDown()[pri:0, instance:com.cybermart.qa.testcases.CreateProductTest@1caa0244]" started-at="2023-10-25T18:25:38Z" name="tearDown" finished-at="2023-10-25T18:25:38Z" duration-ms="440" status="PASS">
          <reporter-output>
          </reporter-output>
        </test-method> <!-- tearDown -->
        <test-method is-config="true" signature="setUp()[pri:0, instance:com.cybermart.qa.testcases.CreateProductTest@1caa0244]" started-at="2023-10-25T18:25:38Z" name="setUp" finished-at="2023-10-25T18:25:45Z" duration-ms="7311" status="PASS">
          <reporter-output>
          </reporter-output>
        </test-method> <!-- setUp -->
        <test-method signature="verifyChildSubcategoriesTopWearMen()[pri:3, instance:com.cybermart.qa.testcases.CreateProductTest@1caa0244]" started-at="2023-10-25T18:25:45Z" name="verifyChildSubcategoriesTopWearMen" finished-at="2023-10-25T18:25:46Z" duration-ms="526" status="PASS">
          <reporter-output>
          </reporter-output>
        </test-method> <!-- verifyChildSubcategoriesTopWearMen -->
        <test-method is-config="true" signature="tearDown()[pri:0, instance:com.cybermart.qa.testcases.CreateProductTest@1caa0244]" started-at="2023-10-25T18:25:46Z" name="tearDown" finished-at="2023-10-25T18:25:46Z" duration-ms="399" status="PASS">
          <reporter-output>
          </reporter-output>
        </test-method> <!-- tearDown -->
      </class> <!-- com.cybermart.qa.testcases.CreateProductTest -->
    </test> <!-- Default test -->
  </suite> <!-- Default suite -->
</testng-results>
